0 info it worked if it ends with ok
1 verbose cli [ '/Users/danielstepanov/.nvm/versions/node/v5.7.0/bin/node',
1 verbose cli   '/Users/danielstepanov/.nvm/versions/node/v5.7.0/bin/npm',
1 verbose cli   'publish',
1 verbose cli   '--access',
1 verbose cli   'public' ]
2 info using npm@3.6.0
3 info using node@v5.7.0
4 verbose publish [ '.' ]
5 silly cache add args [ '.', null ]
6 verbose cache add spec .
7 silly cache add parsed spec Result {
7 silly cache add   raw: '.',
7 silly cache add   scope: null,
7 silly cache add   name: null,
7 silly cache add   rawSpec: '.',
7 silly cache add   spec: '/Users/danielstepanov/Github/react-native-markdown',
7 silly cache add   type: 'directory' }
8 verbose addLocalDirectory /Users/danielstepanov/.npm/@danstepanov/react-native-markdown/1.0.1/package.tgz not in flight; packing
9 verbose correctMkdir /Users/danielstepanov/.npm correctMkdir not in flight; initializing
10 info lifecycle @danstepanov/react-native-markdown@1.0.1~prepublish: @danstepanov/react-native-markdown@1.0.1
11 silly lifecycle @danstepanov/react-native-markdown@1.0.1~prepublish: no script for prepublish, continuing
12 verbose tar pack [ '/Users/danielstepanov/.npm/@danstepanov/react-native-markdown/1.0.1/package.tgz',
12 verbose tar pack   '/Users/danielstepanov/Github/react-native-markdown' ]
13 verbose tarball /Users/danielstepanov/.npm/@danstepanov/react-native-markdown/1.0.1/package.tgz
14 verbose folder /Users/danielstepanov/Github/react-native-markdown
15 verbose addLocalTarball adding from inside cache /Users/danielstepanov/.npm/@danstepanov/react-native-markdown/1.0.1/package.tgz
16 verbose correctMkdir /Users/danielstepanov/.npm correctMkdir not in flight; initializing
17 silly cache afterAdd @danstepanov/react-native-markdown@1.0.1
18 verbose afterAdd /Users/danielstepanov/.npm/@danstepanov/react-native-markdown/1.0.1/package/package.json not in flight; writing
19 verbose correctMkdir /Users/danielstepanov/.npm correctMkdir not in flight; initializing
20 verbose afterAdd /Users/danielstepanov/.npm/@danstepanov/react-native-markdown/1.0.1/package/package.json written
21 silly publish { name: '@danstepanov/react-native-markdown',
21 silly publish   repository:
21 silly publish    { type: 'git',
21 silly publish      url: 'git+https://github.com/danstepanov/react-native-markdown.git' },
21 silly publish   version: '1.0.1',
21 silly publish   description: 'A component for rendering Markdown in React Native',
21 silly publish   main: 'Markdown.js',
21 silly publish   author:
21 silly publish    { name: 'Lochlan Wansbrough',
21 silly publish      email: 'lochie@live.com',
21 silly publish      url: 'http://lwansbrough.com' },
21 silly publish   dependencies:
21 silly publish    { lodash: '^3.6.0',
21 silly publish      'simple-markdown': 'git://github.com/lwansbrough/simple-markdown.git' },
21 silly publish   peerDependencies: { 'react-native': '*' },
21 silly publish   keywords: [ 'react', 'native', 'markdown', 'md', 'parse', 'parser' ],
21 silly publish   readme: '# react-native-markdown\n\nA component for rendering Markdown in React Native. Pull requests welcome.\n\n## Known issues\n\n- Due to [a bug](https://github.com/facebook/react-native/issues/824) in underlying layout engine for React Native ([facebook/css-layout](https://github.com/facebook/css-layout)), this module will put your application in an infinite loop unless you patch the upstream changes from `css-layout`\'s\' `Layout.c` and `Layout.h` files.\n\n## Getting started\n\n1. `npm install --save @danstepanov/react-native-markdown`\n\n## Usage\n\nAll you need is to `require` the `@danstepanov/react-native-markdown` module and then use the\n`<Markdown/>` tag.\n\n```javascript\nvar React = require(\'react-native\');\nvar {\n  AppRegistry,\n  StyleSheet,\n  View\n} = React;\nvar Markdown = require(\'@danstepanov/react-native-markdown\');\n\nvar mdApp = React.createClass({\n  render: function() {\n    return (\n      <View>\n        <Markdown>\n          Some *really* basic **Markdown**.\n          {\'\\n\\n\'}\n          | # | Name   | Age |{\'\\n\'}\n          |---|--------|-----|{\'\\n\'}\n          | 1 | John   | 19  |{\'\\n\'}\n          | 2 | Sally  | 18  |{\'\\n\'}\n          | 3 | Stream | 20  |{\'\\n\'}\n        </Markdown>\n      </View>\n    );\n  }\n});\n\nAppRegistry.registerComponent(\'mdApp\', () => mdApp);\n```\n\n## Properties\n\n#### `style`\n\nDefault style properties will be applied to the markdown. You will likely want to customize these styles, the following properties can be used to modify the rendered elements:\n\n*Note: The text inside the parentheses denotes the element type.*\n\n- `autolink` (`<Text>`) - WIP\n- `blockQuote` (`<Text>`) - WIP\n- `br` (`<Text>`)\n- `codeBlock` (`<View>`) - WIP\n- `del` (`<Text>`)\n- `em` (`<Text>`)\n- `heading` (`<Text>`) - Also `heading1` through `heading6`\n- `hr` (`<View>`)\n- `image` (`<Image>`) - Implemented but size is fixed to `50x50` until auto width is supported by React Native.\n- `inlineCode` (`<Text>`)\n- `link` (`<Text>`) - WIP\n- `list` (`<View>`) - Also `listItem` (`<View>`), `listItemBullet` (`<Text>`) and `listItemNumber` (`<Text>`)\n- `mailto` (`<Text>`) - WIP\n- `newline` (`<Text>`) - WIP\n- `paragraph` (`<View>`)\n- `plainText` (`<Text>`) - Use for styling text without any associated styles\n- `strong` (`<Text>`)\n- `table` (`<View>`)\n- `tableHeader` (`<View>`)\n- `tableHeaderCell` (`<Text>`)\n- `tableRow` (`<View>`)\n- `tableRowCell` (`<View>`)\n- `tableRowLast` (`<View>`, inherits from `tableRow`)\n- `text` (`<Text>`) - Inherited by all text based elements\n- `u` (`<View>`)\n- `url` (`<Text>`)\n- `view` (`<View>`) - This is the container `View` that the Markdown is rendered in.\n',
21 silly publish   readmeFilename: 'README.md',
21 silly publish   gitHead: '6a51eed7ec69111c088752dc0e67cc1c0ff17fcb',
21 silly publish   bugs: { url: 'https://github.com/danstepanov/react-native-markdown/issues' },
21 silly publish   homepage: 'https://github.com/danstepanov/react-native-markdown#readme',
21 silly publish   _id: '@danstepanov/react-native-markdown@1.0.1',
21 silly publish   scripts: {},
21 silly publish   _shasum: '571f1aaa232cd9a8c63993e235ab2624d6c9b865',
21 silly publish   _from: '.' }
22 verbose getPublishConfig undefined
23 silly mapToRegistry name @danstepanov/react-native-markdown
24 silly mapToRegistry scope (from package name) @danstepanov
25 verbose mapToRegistry no registry URL found in name for scope @danstepanov
26 silly mapToRegistry using default registry
27 silly mapToRegistry registry https://registry.npmjs.org/
28 silly mapToRegistry uri https://registry.npmjs.org/@danstepanov%2freact-native-markdown
29 verbose publish registryBase https://registry.npmjs.org/
30 silly publish uploading /Users/danielstepanov/.npm/@danstepanov/react-native-markdown/1.0.1/package.tgz
31 verbose request uri https://registry.npmjs.org/@danstepanov%2freact-native-markdown
32 verbose request sending authorization for write operation
33 info attempt registry request try #1 at 4:08:20 PM
34 verbose request using bearer token for auth
35 verbose request id c8d47f34fe8b9c0e
36 http request PUT https://registry.npmjs.org/@danstepanov%2freact-native-markdown
37 http 403 https://registry.npmjs.org/@danstepanov%2freact-native-markdown
38 verbose headers { 'content-type': 'application/json',
38 verbose headers   'cache-control': 'max-age=0',
38 verbose headers   'content-length': '95',
38 verbose headers   'accept-ranges': 'bytes',
38 verbose headers   date: 'Mon, 02 May 2016 20:08:21 GMT',
38 verbose headers   via: '1.1 varnish',
38 verbose headers   connection: 'keep-alive',
38 verbose headers   'x-served-by': 'cache-iad2145-IAD',
38 verbose headers   'x-cache': 'MISS',
38 verbose headers   'x-cache-hits': '0',
38 verbose headers   'x-timer': 'S1462219700.507676,VS0,VE930' }
39 verbose request invalidating /Users/danielstepanov/.npm/registry.npmjs.org/_40danstepanov_252freact-native-markdown on PUT
40 error publish Failed PUT 403
41 verbose stack Error: "You cannot publish over the previously published version 1.0.1." : @danstepanov/react-native-markdown
41 verbose stack     at makeError (/Users/danielstepanov/.nvm/versions/node/v5.7.0/lib/node_modules/npm/node_modules/npm-registry-client/lib/request.js:264:12)
41 verbose stack     at CachingRegistryClient.<anonymous> (/Users/danielstepanov/.nvm/versions/node/v5.7.0/lib/node_modules/npm/node_modules/npm-registry-client/lib/request.js:252:14)
41 verbose stack     at Request._callback (/Users/danielstepanov/.nvm/versions/node/v5.7.0/lib/node_modules/npm/node_modules/npm-registry-client/lib/request.js:172:14)
41 verbose stack     at Request.self.callback (/Users/danielstepanov/.nvm/versions/node/v5.7.0/lib/node_modules/npm/node_modules/request/request.js:198:22)
41 verbose stack     at emitTwo (events.js:100:13)
41 verbose stack     at Request.emit (events.js:185:7)
41 verbose stack     at Request.<anonymous> (/Users/danielstepanov/.nvm/versions/node/v5.7.0/lib/node_modules/npm/node_modules/request/request.js:1035:10)
41 verbose stack     at emitOne (events.js:95:20)
41 verbose stack     at Request.emit (events.js:182:7)
41 verbose stack     at IncomingMessage.<anonymous> (/Users/danielstepanov/.nvm/versions/node/v5.7.0/lib/node_modules/npm/node_modules/request/request.js:962:12)
42 verbose statusCode 403
43 verbose pkgid @danstepanov/react-native-markdown
44 verbose cwd /Users/danielstepanov/Github/react-native-markdown
45 error Darwin 15.4.0
46 error argv "/Users/danielstepanov/.nvm/versions/node/v5.7.0/bin/node" "/Users/danielstepanov/.nvm/versions/node/v5.7.0/bin/npm" "publish" "--access" "public"
47 error node v5.7.0
48 error npm  v3.6.0
49 error code E403
50 error "You cannot publish over the previously published version 1.0.1." : @danstepanov/react-native-markdown
51 error If you need help, you may report this error at:
51 error     <https://github.com/npm/npm/issues>
52 verbose exit [ 1, true ]
